[0.322s] DEBUG:colcon:Command line arguments: ['/usr/bin/colcon', 'build', '--symlink-install', '--cmake-args', '-DCMAKE_EXPORT_COMPILE_COMMANDS=ON']
[0.322s] DEBUG:colcon:Parsed command line arguments: Namespace(log_base=None, log_level=None, verb_name='build', build_base='build', install_base='install', merge_install=False, symlink_install=True, test_result_base=None, continue_on_error=False, executor='parallel', parallel_workers=16, event_handlers=None, ignore_user_meta=False, metas=['./colcon.meta'], base_paths=['.'], packages_ignore=None, packages_ignore_regex=None, paths=None, packages_up_to=None, packages_up_to_regex=None, packages_above=None, packages_above_and_dependencies=None, packages_above_depth=None, packages_select_by_dep=None, packages_skip_by_dep=None, packages_skip_up_to=None, packages_select_build_failed=False, packages_skip_build_finished=False, packages_select_test_failures=False, packages_skip_test_passed=False, packages_select=None, packages_skip=None, packages_select_regex=None, packages_skip_regex=None, packages_start=None, packages_end=None, allow_overriding=[], cmake_args=['-DCMAKE_EXPORT_COMPILE_COMMANDS=ON'], cmake_target=None, cmake_target_skip_unavailable=False, cmake_clean_cache=False, cmake_clean_first=False, cmake_force_configure=False, ament_cmake_args=None, catkin_cmake_args=None, catkin_skip_building_tests=False, mixin_files=None, mixin=None, verb_parser=<colcon_mixin.mixin.mixin_argument.MixinArgumentDecorator object at 0x7dc94167cb90>, verb_extension=<colcon_core.verb.build.BuildVerb object at 0x7dc94167c890>, main=<bound method BuildVerb.main of <colcon_core.verb.build.BuildVerb object at 0x7dc94167c890>>, mixin_verb=('build',))
[0.412s] Level 1:colcon.colcon_core.package_discovery:discover_packages(colcon_meta) check parameters
[0.413s] Level 1:colcon.colcon_core.package_discovery:discover_packages(recursive) check parameters
[0.413s] Level 1:colcon.colcon_core.package_discovery:discover_packages(ignore) check parameters
[0.413s] Level 1:colcon.colcon_core.package_discovery:discover_packages(path) check parameters
[0.413s] Level 1:colcon.colcon_core.package_discovery:discover_packages(colcon_meta) discover
[0.413s] Level 1:colcon.colcon_core.package_discovery:discover_packages(recursive) discover
[0.413s] INFO:colcon.colcon_core.package_discovery:Crawling recursively for packages in '/home/neomelt/sentry_decision'
[0.413s] Level 1:colcon.colcon_core.package_identification:_identify(.) by extensions ['ignore', 'ignore_ament_install']
[0.413s] Level 1:colcon.colcon_core.package_identification:_identify(.) by extension 'ignore'
[0.414s] Level 1:colcon.colcon_core.package_identification:_identify(.) by extension 'ignore_ament_install'
[0.414s] Level 1:colcon.colcon_core.package_identification:_identify(.) by extensions ['colcon_pkg']
[0.414s] Level 1:colcon.colcon_core.package_identification:_identify(.) by extension 'colcon_pkg'
[0.414s] Level 1:colcon.colcon_core.package_identification:_identify(.) by extensions ['colcon_meta']
[0.414s] Level 1:colcon.colcon_core.package_identification:_identify(.) by extension 'colcon_meta'
[0.414s] Level 1:colcon.colcon_core.package_identification:_identify(.) by extensions ['ros']
[0.414s] Level 1:colcon.colcon_core.package_identification:_identify(.) by extension 'ros'
[0.463s] DEBUG:colcon.colcon_core.package_identification:Package '.' with type 'ros.ament_cmake' and name 'rm_decision_cpp'
[0.463s] Level 1:colcon.colcon_core.package_discovery:discover_packages(recursive) using defaults
[0.463s] Level 1:colcon.colcon_core.package_discovery:discover_packages(ignore) discover
[0.463s] Level 1:colcon.colcon_core.package_discovery:discover_packages(ignore) using defaults
[0.463s] Level 1:colcon.colcon_core.package_discovery:discover_packages(path) discover
[0.463s] Level 1:colcon.colcon_core.package_discovery:discover_packages(path) using defaults
[0.496s] Level 1:colcon.colcon_core.package_discovery:discover_packages(prefix_path) check parameters
[0.497s] Level 1:colcon.colcon_core.package_discovery:discover_packages(prefix_path) discover
[0.502s] DEBUG:colcon.colcon_installed_package_information.package_discovery:Found 287 installed packages in /opt/ros/jazzy
[0.503s] Level 1:colcon.colcon_core.package_discovery:discover_packages(prefix_path) using defaults
[0.556s] Level 5:colcon.colcon_core.verb:set package 'rm_decision_cpp' build argument 'cmake_args' from command line to '['-DCMAKE_EXPORT_COMPILE_COMMANDS=ON']'
[0.556s] Level 5:colcon.colcon_core.verb:set package 'rm_decision_cpp' build argument 'cmake_target' from command line to 'None'
[0.556s] Level 5:colcon.colcon_core.verb:set package 'rm_decision_cpp' build argument 'cmake_target_skip_unavailable' from command line to 'False'
[0.556s] Level 5:colcon.colcon_core.verb:set package 'rm_decision_cpp' build argument 'cmake_clean_cache' from command line to 'False'
[0.557s] Level 5:colcon.colcon_core.verb:set package 'rm_decision_cpp' build argument 'cmake_clean_first' from command line to 'False'
[0.557s] Level 5:colcon.colcon_core.verb:set package 'rm_decision_cpp' build argument 'cmake_force_configure' from command line to 'False'
[0.557s] Level 5:colcon.colcon_core.verb:set package 'rm_decision_cpp' build argument 'ament_cmake_args' from command line to 'None'
[0.557s] Level 5:colcon.colcon_core.verb:set package 'rm_decision_cpp' build argument 'catkin_cmake_args' from command line to 'None'
[0.557s] Level 5:colcon.colcon_core.verb:set package 'rm_decision_cpp' build argument 'catkin_skip_building_tests' from command line to 'False'
[0.557s] DEBUG:colcon.colcon_core.verb:Building package 'rm_decision_cpp' with the following arguments: {'ament_cmake_args': None, 'build_base': '/home/neomelt/sentry_decision/build/rm_decision_cpp', 'catkin_cmake_args': None, 'catkin_skip_building_tests': False, 'cmake_args': ['-DCMAKE_EXPORT_COMPILE_COMMANDS=ON'], 'cmake_clean_cache': False, 'cmake_clean_first': False, 'cmake_force_configure': False, 'cmake_target': None, 'cmake_target_skip_unavailable': False, 'install_base': '/home/neomelt/sentry_decision/install/rm_decision_cpp', 'merge_install': False, 'path': '/home/neomelt/sentry_decision', 'symlink_install': True, 'test_result_base': None}
[0.557s] INFO:colcon.colcon_core.executor:Executing jobs using 'parallel' executor
[0.558s] DEBUG:colcon.colcon_parallel_executor.executor.parallel:run_until_complete
[0.559s] INFO:colcon.colcon_ros.task.ament_cmake.build:Building ROS package in '/home/neomelt/sentry_decision' with build type 'ament_cmake'
[0.559s] INFO:colcon.colcon_cmake.task.cmake.build:Building CMake package in '/home/neomelt/sentry_decision'
[0.565s] INFO:colcon.colcon_core.plugin_system:Skipping extension 'colcon_core.shell.bat': Not used on non-Windows systems
[0.566s] INFO:colcon.colcon_core.shell:Skip shell extension 'powershell' for command environment: Not usable outside of PowerShell
[0.566s] DEBUG:colcon.colcon_core.shell:Skip shell extension 'dsv' for command environment
[0.577s] DEBUG:colcon.colcon_core.event_handler.log_command:Invoking command in '/home/neomelt/sentry_decision/build/rm_decision_cpp': CMAKE_PREFIX_PATH=${CMAKE_PREFIX_PATH}:/opt/ros/jazzy /usr/local/bin/cmake /home/neomelt/sentry_decision -DCMAKE_EXPORT_COMPILE_COMMANDS=ON -DAMENT_CMAKE_SYMLINK_INSTALL=1 -DCMAKE_INSTALL_PREFIX=/home/neomelt/sentry_decision/install/rm_decision_cpp
[2.490s] DEBUG:colcon.colcon_core.event_handler.log_command:Invoked command in '/home/neomelt/sentry_decision/build/rm_decision_cpp' returned '0': CMAKE_PREFIX_PATH=${CMAKE_PREFIX_PATH}:/opt/ros/jazzy /usr/local/bin/cmake /home/neomelt/sentry_decision -DCMAKE_EXPORT_COMPILE_COMMANDS=ON -DAMENT_CMAKE_SYMLINK_INSTALL=1 -DCMAKE_INSTALL_PREFIX=/home/neomelt/sentry_decision/install/rm_decision_cpp
[2.492s] DEBUG:colcon.colcon_core.event_handler.log_command:Invoking command in '/home/neomelt/sentry_decision/build/rm_decision_cpp': CMAKE_PREFIX_PATH=${CMAKE_PREFIX_PATH}:/opt/ros/jazzy /usr/local/bin/cmake --build /home/neomelt/sentry_decision/build/rm_decision_cpp -- -j16 -l16
[5.042s] DEBUG:colcon.colcon_core.event_handler.log_command:Invoked command in '/home/neomelt/sentry_decision/build/rm_decision_cpp' returned '0': CMAKE_PREFIX_PATH=${CMAKE_PREFIX_PATH}:/opt/ros/jazzy /usr/local/bin/cmake --build /home/neomelt/sentry_decision/build/rm_decision_cpp -- -j16 -l16
[5.045s] DEBUG:colcon.colcon_core.event_handler.log_command:Invoking command in '/home/neomelt/sentry_decision/build/rm_decision_cpp': CMAKE_PREFIX_PATH=${CMAKE_PREFIX_PATH}:/opt/ros/jazzy /usr/local/bin/cmake --install /home/neomelt/sentry_decision/build/rm_decision_cpp
[5.096s] Level 1:colcon.colcon_core.environment:create_environment_scripts_only(rm_decision_cpp)
[5.096s] DEBUG:colcon.colcon_core.event_handler.log_command:Invoked command in '/home/neomelt/sentry_decision/build/rm_decision_cpp' returned '0': CMAKE_PREFIX_PATH=${CMAKE_PREFIX_PATH}:/opt/ros/jazzy /usr/local/bin/cmake --install /home/neomelt/sentry_decision/build/rm_decision_cpp
[5.099s] Level 1:colcon.colcon_core.environment:checking '/home/neomelt/sentry_decision/install/rm_decision_cpp' for CMake module files
[5.099s] Level 1:colcon.colcon_core.environment:checking '/home/neomelt/sentry_decision/install/rm_decision_cpp' for CMake config files
[5.100s] Level 1:colcon.colcon_core.shell:create_environment_hook('rm_decision_cpp', 'cmake_prefix_path')
[5.100s] INFO:colcon.colcon_core.shell:Creating environment hook '/home/neomelt/sentry_decision/install/rm_decision_cpp/share/rm_decision_cpp/hook/cmake_prefix_path.ps1'
[5.100s] INFO:colcon.colcon_core.shell:Creating environment descriptor '/home/neomelt/sentry_decision/install/rm_decision_cpp/share/rm_decision_cpp/hook/cmake_prefix_path.dsv'
[5.101s] INFO:colcon.colcon_core.shell:Creating environment hook '/home/neomelt/sentry_decision/install/rm_decision_cpp/share/rm_decision_cpp/hook/cmake_prefix_path.sh'
[5.101s] Level 1:colcon.colcon_core.environment:checking '/home/neomelt/sentry_decision/install/rm_decision_cpp/lib'
[5.101s] Level 1:colcon.colcon_core.shell:create_environment_hook('rm_decision_cpp', 'ld_library_path_lib')
[5.101s] INFO:colcon.colcon_core.shell:Creating environment hook '/home/neomelt/sentry_decision/install/rm_decision_cpp/share/rm_decision_cpp/hook/ld_library_path_lib.ps1'
[5.101s] INFO:colcon.colcon_core.shell:Creating environment descriptor '/home/neomelt/sentry_decision/install/rm_decision_cpp/share/rm_decision_cpp/hook/ld_library_path_lib.dsv'
[5.102s] INFO:colcon.colcon_core.shell:Creating environment hook '/home/neomelt/sentry_decision/install/rm_decision_cpp/share/rm_decision_cpp/hook/ld_library_path_lib.sh'
[5.102s] Level 1:colcon.colcon_core.environment:checking '/home/neomelt/sentry_decision/install/rm_decision_cpp/bin'
[5.102s] Level 1:colcon.colcon_core.environment:checking '/home/neomelt/sentry_decision/install/rm_decision_cpp/lib/pkgconfig/rm_decision_cpp.pc'
[5.102s] Level 1:colcon.colcon_core.environment:checking '/home/neomelt/sentry_decision/install/rm_decision_cpp/lib/python3.12/site-packages'
[5.102s] Level 1:colcon.colcon_core.environment:checking '/home/neomelt/sentry_decision/install/rm_decision_cpp/bin'
[5.102s] INFO:colcon.colcon_core.shell:Creating package script '/home/neomelt/sentry_decision/install/rm_decision_cpp/share/rm_decision_cpp/package.ps1'
[5.103s] INFO:colcon.colcon_core.shell:Creating package descriptor '/home/neomelt/sentry_decision/install/rm_decision_cpp/share/rm_decision_cpp/package.dsv'
[5.103s] INFO:colcon.colcon_core.shell:Creating package script '/home/neomelt/sentry_decision/install/rm_decision_cpp/share/rm_decision_cpp/package.sh'
[5.103s] INFO:colcon.colcon_core.shell:Creating package script '/home/neomelt/sentry_decision/install/rm_decision_cpp/share/rm_decision_cpp/package.bash'
[5.104s] INFO:colcon.colcon_core.shell:Creating package script '/home/neomelt/sentry_decision/install/rm_decision_cpp/share/rm_decision_cpp/package.zsh'
[5.104s] Level 1:colcon.colcon_core.environment:create_file_with_runtime_dependencies(/home/neomelt/sentry_decision/install/rm_decision_cpp/share/colcon-core/packages/rm_decision_cpp)
[5.105s] Level 1:colcon.colcon_core.environment:create_environment_scripts_only(rm_decision_cpp)
[5.105s] Level 1:colcon.colcon_core.environment:checking '/home/neomelt/sentry_decision/install/rm_decision_cpp' for CMake module files
[5.105s] Level 1:colcon.colcon_core.environment:checking '/home/neomelt/sentry_decision/install/rm_decision_cpp' for CMake config files
[5.105s] Level 1:colcon.colcon_core.shell:create_environment_hook('rm_decision_cpp', 'cmake_prefix_path')
[5.105s] INFO:colcon.colcon_core.shell:Creating environment hook '/home/neomelt/sentry_decision/install/rm_decision_cpp/share/rm_decision_cpp/hook/cmake_prefix_path.ps1'
[5.105s] INFO:colcon.colcon_core.shell:Creating environment descriptor '/home/neomelt/sentry_decision/install/rm_decision_cpp/share/rm_decision_cpp/hook/cmake_prefix_path.dsv'
[5.105s] INFO:colcon.colcon_core.shell:Creating environment hook '/home/neomelt/sentry_decision/install/rm_decision_cpp/share/rm_decision_cpp/hook/cmake_prefix_path.sh'
[5.106s] Level 1:colcon.colcon_core.environment:checking '/home/neomelt/sentry_decision/install/rm_decision_cpp/lib'
[5.106s] Level 1:colcon.colcon_core.shell:create_environment_hook('rm_decision_cpp', 'ld_library_path_lib')
[5.106s] INFO:colcon.colcon_core.shell:Creating environment hook '/home/neomelt/sentry_decision/install/rm_decision_cpp/share/rm_decision_cpp/hook/ld_library_path_lib.ps1'
[5.106s] INFO:colcon.colcon_core.shell:Creating environment descriptor '/home/neomelt/sentry_decision/install/rm_decision_cpp/share/rm_decision_cpp/hook/ld_library_path_lib.dsv'
[5.106s] INFO:colcon.colcon_core.shell:Creating environment hook '/home/neomelt/sentry_decision/install/rm_decision_cpp/share/rm_decision_cpp/hook/ld_library_path_lib.sh'
[5.106s] Level 1:colcon.colcon_core.environment:checking '/home/neomelt/sentry_decision/install/rm_decision_cpp/bin'
[5.107s] Level 1:colcon.colcon_core.environment:checking '/home/neomelt/sentry_decision/install/rm_decision_cpp/lib/pkgconfig/rm_decision_cpp.pc'
[5.107s] Level 1:colcon.colcon_core.environment:checking '/home/neomelt/sentry_decision/install/rm_decision_cpp/lib/python3.12/site-packages'
[5.107s] Level 1:colcon.colcon_core.environment:checking '/home/neomelt/sentry_decision/install/rm_decision_cpp/bin'
[5.107s] INFO:colcon.colcon_core.shell:Creating package script '/home/neomelt/sentry_decision/install/rm_decision_cpp/share/rm_decision_cpp/package.ps1'
[5.107s] INFO:colcon.colcon_core.shell:Creating package descriptor '/home/neomelt/sentry_decision/install/rm_decision_cpp/share/rm_decision_cpp/package.dsv'
[5.107s] INFO:colcon.colcon_core.shell:Creating package script '/home/neomelt/sentry_decision/install/rm_decision_cpp/share/rm_decision_cpp/package.sh'
[5.108s] INFO:colcon.colcon_core.shell:Creating package script '/home/neomelt/sentry_decision/install/rm_decision_cpp/share/rm_decision_cpp/package.bash'
[5.108s] INFO:colcon.colcon_core.shell:Creating package script '/home/neomelt/sentry_decision/install/rm_decision_cpp/share/rm_decision_cpp/package.zsh'
[5.108s] Level 1:colcon.colcon_core.environment:create_file_with_runtime_dependencies(/home/neomelt/sentry_decision/install/rm_decision_cpp/share/colcon-core/packages/rm_decision_cpp)
[5.108s] DEBUG:colcon.colcon_parallel_executor.executor.parallel:closing loop
[5.108s] DEBUG:colcon.colcon_parallel_executor.executor.parallel:loop closed
[5.108s] DEBUG:colcon.colcon_parallel_executor.executor.parallel:run_until_complete finished with '0'
[5.108s] DEBUG:colcon.colcon_core.event_reactor:joining thread
[5.115s] INFO:colcon.colcon_core.plugin_system:Skipping extension 'colcon_notification.desktop_notification.terminal_notifier': Not used on non-Darwin systems
[5.116s] INFO:colcon.colcon_core.plugin_system:Skipping extension 'colcon_notification.desktop_notification.win32': Not used on non-Windows systems
[5.116s] INFO:colcon.colcon_notification.desktop_notification:Sending desktop notification using 'notify2'
[5.132s] DEBUG:colcon.colcon_core.event_reactor:joined thread
[5.133s] INFO:colcon.colcon_core.shell:Creating prefix script '/home/neomelt/sentry_decision/install/local_setup.ps1'
[5.134s] INFO:colcon.colcon_core.shell:Creating prefix util module '/home/neomelt/sentry_decision/install/_local_setup_util_ps1.py'
[5.135s] INFO:colcon.colcon_core.shell:Creating prefix chain script '/home/neomelt/sentry_decision/install/setup.ps1'
[5.136s] INFO:colcon.colcon_core.shell:Creating prefix script '/home/neomelt/sentry_decision/install/local_setup.sh'
[5.136s] INFO:colcon.colcon_core.shell:Creating prefix util module '/home/neomelt/sentry_decision/install/_local_setup_util_sh.py'
[5.137s] INFO:colcon.colcon_core.shell:Creating prefix chain script '/home/neomelt/sentry_decision/install/setup.sh'
[5.137s] INFO:colcon.colcon_core.shell:Creating prefix script '/home/neomelt/sentry_decision/install/local_setup.bash'
[5.138s] INFO:colcon.colcon_core.shell:Creating prefix chain script '/home/neomelt/sentry_decision/install/setup.bash'
[5.138s] INFO:colcon.colcon_core.shell:Creating prefix script '/home/neomelt/sentry_decision/install/local_setup.zsh'
[5.139s] INFO:colcon.colcon_core.shell:Creating prefix chain script '/home/neomelt/sentry_decision/install/setup.zsh'
