-- The C compiler identification is GNU 13.3.0
-- The CXX compiler identification is GNU 13.3.0
-- Detecting C compiler ABI info
-- Detecting C compiler ABI info - done
-- Check for working C compiler: /usr/bin/cc - skipped
-- Detecting C compile features
-- Detecting C compile features - done
-- Detecting CXX compiler ABI info
-- Detecting CXX compiler ABI info - done
-- Check for working CXX compiler: /usr/bin/c++ - skipped
-- Detecting CXX compile features
-- Detecting CXX compile features - done
-- Found ament_cmake: 2.5.4 (/opt/ros/jazzy/share/ament_cmake/cmake)
-- Found Python3: /usr/bin/python3 (found version "3.12.3") found components: Interpreter 
-- Override CMake install command with custom implementation using symlinks instead of copying resources
-- Found rclcpp: 28.1.13 (/opt/ros/jazzy/share/rclcpp/cmake)
-- Found rosidl_generator_c: 4.6.6 (/opt/ros/jazzy/share/rosidl_generator_c/cmake)
-- Found rosidl_generator_cpp: 4.6.6 (/opt/ros/jazzy/share/rosidl_generator_cpp/cmake)
-- Using all available rosidl_typesupport_c: rosidl_typesupport_fastrtps_c;rosidl_typesupport_introspection_c
-- Using all available rosidl_typesupport_cpp: rosidl_typesupport_fastrtps_cpp;rosidl_typesupport_introspection_cpp
-- Found rmw_implementation_cmake: 7.3.2 (/opt/ros/jazzy/share/rmw_implementation_cmake/cmake)
-- Found rmw_cyclonedds_cpp: 2.2.3 (/opt/ros/jazzy/share/rmw_cyclonedds_cpp/cmake)
-- Using RMW implementation 'rmw_cyclonedds_cpp' as default
-- Found rclcpp_components: 28.1.13 (/opt/ros/jazzy/share/rclcpp_components/cmake)
-- Found geometry_msgs: 5.3.6 (/opt/ros/jazzy/share/geometry_msgs/cmake)
-- Found behaviortree_cpp: 4.7.1 (/opt/ros/jazzy/share/behaviortree_cpp/cmake)
-- Found sensor_msgs: 5.3.6 (/opt/ros/jazzy/share/sensor_msgs/cmake)
-- Found tf2: 0.36.16 (/opt/ros/jazzy/share/tf2/cmake)
-- Found tf2_geometry_msgs: 0.36.16 (/opt/ros/jazzy/share/tf2_geometry_msgs/cmake)
-- Found eigen3_cmake_module: 0.3.0 (/opt/ros/jazzy/share/eigen3_cmake_module/cmake)
-- Found Eigen3: TRUE (found version "3.4.0") 
-- Ensuring Eigen3 include directory is part of orocos-kdl CMake target
-- Found visualization_msgs: 5.3.6 (/opt/ros/jazzy/share/visualization_msgs/cmake)
-- Configuring done (1.9s)
-- Generating done (0.0s)
-- Build files have been written to: /home/neomelt/sentry_decision/build/rm_decision_cpp
[ 50%] [32mBuilding CXX object CMakeFiles/tree_exec_node.dir/src/sentry_decision/main.cpp.o[0m
[ 50%] [32mBuilding CXX object CMakeFiles/rm_decision_cpp.dir/src/sentry_decision/main.cpp.o[0m
[100%] [32m[1mLinking CXX executable tree_exec_node[0m
[100%] [32m[1mLinking CXX shared library librm_decision_cpp.so[0m
[100%] Built target rm_decision_cpp
[100%] Built target tree_exec_node
-- Install configuration: ""
-- Execute custom install script
-- Symlinking: /home/neomelt/sentry_decision/install/rm_decision_cpp/lib/librm_decision_cpp.so
-- Symlinking: /home/neomelt/sentry_decision/install/rm_decision_cpp/lib/rm_decision_cpp/tree_exec_node
-- Symlinking: /home/neomelt/sentry_decision/install/rm_decision_cpp/include/sentry_decision/send_goal.hpp
-- Symlinking: /home/neomelt/sentry_decision/install/rm_decision_cpp/include/sentry_decision/spin.hpp
-- Symlinking: /home/neomelt/sentry_decision/install/rm_decision_cpp/share/ament_index/resource_index/package_run_dependencies/rm_decision_cpp
-- Symlinking: /home/neomelt/sentry_decision/install/rm_decision_cpp/share/ament_index/resource_index/parent_prefix_path/rm_decision_cpp
-- Symlinking: /home/neomelt/sentry_decision/install/rm_decision_cpp/share/rm_decision_cpp/environment/ament_prefix_path.sh
-- Symlinking: /home/neomelt/sentry_decision/install/rm_decision_cpp/share/rm_decision_cpp/environment/ament_prefix_path.dsv
-- Symlinking: /home/neomelt/sentry_decision/install/rm_decision_cpp/share/rm_decision_cpp/environment/path.sh
-- Symlinking: /home/neomelt/sentry_decision/install/rm_decision_cpp/share/rm_decision_cpp/environment/path.dsv
-- Symlinking: /home/neomelt/sentry_decision/install/rm_decision_cpp/share/rm_decision_cpp/local_setup.bash
-- Symlinking: /home/neomelt/sentry_decision/install/rm_decision_cpp/share/rm_decision_cpp/local_setup.sh
-- Symlinking: /home/neomelt/sentry_decision/install/rm_decision_cpp/share/rm_decision_cpp/local_setup.zsh
-- Symlinking: /home/neomelt/sentry_decision/install/rm_decision_cpp/share/rm_decision_cpp/local_setup.dsv
-- Symlinking: /home/neomelt/sentry_decision/install/rm_decision_cpp/share/rm_decision_cpp/package.dsv
-- Symlinking: /home/neomelt/sentry_decision/install/rm_decision_cpp/share/ament_index/resource_index/packages/rm_decision_cpp
-- Symlinking: /home/neomelt/sentry_decision/install/rm_decision_cpp/share/rm_decision_cpp/cmake/rm_decision_cppConfig.cmake
-- Symlinking: /home/neomelt/sentry_decision/install/rm_decision_cpp/share/rm_decision_cpp/cmake/rm_decision_cppConfig-version.cmake
-- Symlinking: /home/neomelt/sentry_decision/install/rm_decision_cpp/share/rm_decision_cpp/package.xml
