[0.018s] Invoking command in '/home/neomelt/sentry_decision/build/rm_decision_cpp': CMAKE_PREFIX_PATH=${CMAKE_PREFIX_PATH}:/opt/ros/jazzy /usr/local/bin/cmake /home/neomelt/sentry_decision -DCMAKE_EXPORT_COMPILE_COMMANDS=ON -DAMENT_CMAKE_SYMLINK_INSTALL=1 -DCMAKE_INSTALL_PREFIX=/home/neomelt/sentry_decision/install/rm_decision_cpp
[0.168s] -- The C compiler identification is GNU 13.3.0
[0.314s] -- The CXX compiler identification is GNU 13.3.0
[0.349s] -- Detecting C compiler ABI info
[0.475s] -- Detecting C compiler ABI info - done
[0.490s] -- Check for working C compiler: /usr/bin/cc - skipped
[0.491s] -- Detecting C compile features
[0.492s] -- Detecting C compile features - done
[0.512s] -- Detecting CXX compiler ABI info
[0.644s] -- Detecting CXX compiler ABI info - done
[0.660s] -- Check for working CXX compiler: /usr/bin/c++ - skipped
[0.660s] -- Detecting CXX compile features
[0.661s] -- Detecting CXX compile features - done
[0.674s] -- Found ament_cmake: 2.5.4 (/opt/ros/jazzy/share/ament_cmake/cmake)
[0.959s] -- Found Python3: /usr/bin/python3 (found version "3.12.3") found components: Interpreter 
[1.090s] -- Override CMake install command with custom implementation using symlinks instead of copying resources
[1.155s] -- Found rclcpp: 28.1.13 (/opt/ros/jazzy/share/rclcpp/cmake)
[1.239s] -- Found rosidl_generator_c: 4.6.6 (/opt/ros/jazzy/share/rosidl_generator_c/cmake)
[1.265s] -- Found rosidl_generator_cpp: 4.6.6 (/opt/ros/jazzy/share/rosidl_generator_cpp/cmake)
[1.302s] -- Using all available rosidl_typesupport_c: rosidl_typesupport_fastrtps_c;rosidl_typesupport_introspection_c
[1.343s] -- Using all available rosidl_typesupport_cpp: rosidl_typesupport_fastrtps_cpp;rosidl_typesupport_introspection_cpp
[1.466s] -- Found rmw_implementation_cmake: 7.3.2 (/opt/ros/jazzy/share/rmw_implementation_cmake/cmake)
[1.469s] -- Found rmw_cyclonedds_cpp: 2.2.3 (/opt/ros/jazzy/share/rmw_cyclonedds_cpp/cmake)
[1.499s] -- Using RMW implementation 'rmw_cyclonedds_cpp' as default
[1.564s] -- Found rclcpp_components: 28.1.13 (/opt/ros/jazzy/share/rclcpp_components/cmake)
[1.600s] -- Found geometry_msgs: 5.3.6 (/opt/ros/jazzy/share/geometry_msgs/cmake)
[1.635s] -- Found behaviortree_cpp: 4.7.1 (/opt/ros/jazzy/share/behaviortree_cpp/cmake)
[1.638s] -- Found sensor_msgs: 5.3.6 (/opt/ros/jazzy/share/sensor_msgs/cmake)
[1.662s] -- Found tf2: 0.36.16 (/opt/ros/jazzy/share/tf2/cmake)
[1.667s] -- Found tf2_geometry_msgs: 0.36.16 (/opt/ros/jazzy/share/tf2_geometry_msgs/cmake)
[1.682s] -- Found eigen3_cmake_module: 0.3.0 (/opt/ros/jazzy/share/eigen3_cmake_module/cmake)
[1.683s] -- Found Eigen3: TRUE (found version "3.4.0") 
[1.683s] -- Ensuring Eigen3 include directory is part of orocos-kdl CMake target
[1.770s] -- Found visualization_msgs: 5.3.6 (/opt/ros/jazzy/share/visualization_msgs/cmake)
[1.883s] -- Configuring done (1.9s)
[1.901s] -- Generating done (0.0s)
[1.906s] -- Build files have been written to: /home/neomelt/sentry_decision/build/rm_decision_cpp
[1.931s] Invoked command in '/home/neomelt/sentry_decision/build/rm_decision_cpp' returned '0': CMAKE_PREFIX_PATH=${CMAKE_PREFIX_PATH}:/opt/ros/jazzy /usr/local/bin/cmake /home/neomelt/sentry_decision -DCMAKE_EXPORT_COMPILE_COMMANDS=ON -DAMENT_CMAKE_SYMLINK_INSTALL=1 -DCMAKE_INSTALL_PREFIX=/home/neomelt/sentry_decision/install/rm_decision_cpp
[1.932s] Invoking command in '/home/neomelt/sentry_decision/build/rm_decision_cpp': CMAKE_PREFIX_PATH=${CMAKE_PREFIX_PATH}:/opt/ros/jazzy /usr/local/bin/cmake --build /home/neomelt/sentry_decision/build/rm_decision_cpp -- -j16 -l16
[1.959s] [ 50%] [32mBuilding CXX object CMakeFiles/tree_exec_node.dir/src/sentry_decision/main.cpp.o[0m
[1.959s] [ 50%] [32mBuilding CXX object CMakeFiles/rm_decision_cpp.dir/src/sentry_decision/main.cpp.o[0m
[4.317s] [100%] [32m[1mLinking CXX executable tree_exec_node[0m
[4.317s] [100%] [32m[1mLinking CXX shared library librm_decision_cpp.so[0m
[4.466s] [100%] Built target rm_decision_cpp
[4.478s] [100%] Built target tree_exec_node
[4.483s] Invoked command in '/home/neomelt/sentry_decision/build/rm_decision_cpp' returned '0': CMAKE_PREFIX_PATH=${CMAKE_PREFIX_PATH}:/opt/ros/jazzy /usr/local/bin/cmake --build /home/neomelt/sentry_decision/build/rm_decision_cpp -- -j16 -l16
[4.486s] Invoking command in '/home/neomelt/sentry_decision/build/rm_decision_cpp': CMAKE_PREFIX_PATH=${CMAKE_PREFIX_PATH}:/opt/ros/jazzy /usr/local/bin/cmake --install /home/neomelt/sentry_decision/build/rm_decision_cpp
[4.488s] -- Install configuration: ""
[4.488s] -- Execute custom install script
[4.489s] -- Symlinking: /home/neomelt/sentry_decision/install/rm_decision_cpp/lib/librm_decision_cpp.so
[4.491s] -- Symlinking: /home/neomelt/sentry_decision/install/rm_decision_cpp/lib/rm_decision_cpp/tree_exec_node
[4.495s] -- Symlinking: /home/neomelt/sentry_decision/install/rm_decision_cpp/include/sentry_decision/send_goal.hpp
[4.497s] -- Symlinking: /home/neomelt/sentry_decision/install/rm_decision_cpp/include/sentry_decision/spin.hpp
[4.500s] -- Symlinking: /home/neomelt/sentry_decision/install/rm_decision_cpp/share/ament_index/resource_index/package_run_dependencies/rm_decision_cpp
[4.501s] -- Symlinking: /home/neomelt/sentry_decision/install/rm_decision_cpp/share/ament_index/resource_index/parent_prefix_path/rm_decision_cpp
[4.503s] -- Symlinking: /home/neomelt/sentry_decision/install/rm_decision_cpp/share/rm_decision_cpp/environment/ament_prefix_path.sh
[4.507s] -- Symlinking: /home/neomelt/sentry_decision/install/rm_decision_cpp/share/rm_decision_cpp/environment/ament_prefix_path.dsv
[4.509s] -- Symlinking: /home/neomelt/sentry_decision/install/rm_decision_cpp/share/rm_decision_cpp/environment/path.sh
[4.511s] -- Symlinking: /home/neomelt/sentry_decision/install/rm_decision_cpp/share/rm_decision_cpp/environment/path.dsv
[4.513s] -- Symlinking: /home/neomelt/sentry_decision/install/rm_decision_cpp/share/rm_decision_cpp/local_setup.bash
[4.515s] -- Symlinking: /home/neomelt/sentry_decision/install/rm_decision_cpp/share/rm_decision_cpp/local_setup.sh
[4.518s] -- Symlinking: /home/neomelt/sentry_decision/install/rm_decision_cpp/share/rm_decision_cpp/local_setup.zsh
[4.522s] -- Symlinking: /home/neomelt/sentry_decision/install/rm_decision_cpp/share/rm_decision_cpp/local_setup.dsv
[4.524s] -- Symlinking: /home/neomelt/sentry_decision/install/rm_decision_cpp/share/rm_decision_cpp/package.dsv
[4.526s] -- Symlinking: /home/neomelt/sentry_decision/install/rm_decision_cpp/share/ament_index/resource_index/packages/rm_decision_cpp
[4.528s] -- Symlinking: /home/neomelt/sentry_decision/install/rm_decision_cpp/share/rm_decision_cpp/cmake/rm_decision_cppConfig.cmake
[4.531s] -- Symlinking: /home/neomelt/sentry_decision/install/rm_decision_cpp/share/rm_decision_cpp/cmake/rm_decision_cppConfig-version.cmake
[4.533s] -- Symlinking: /home/neomelt/sentry_decision/install/rm_decision_cpp/share/rm_decision_cpp/package.xml
[4.537s] Invoked command in '/home/neomelt/sentry_decision/build/rm_decision_cpp' returned '0': CMAKE_PREFIX_PATH=${CMAKE_PREFIX_PATH}:/opt/ros/jazzy /usr/local/bin/cmake --install /home/neomelt/sentry_decision/build/rm_decision_cpp
